<?xml version="1.0" encoding="UTF-8"?>
<!-- Generated by org.testng.reporters.JUnitReportReporter -->
<testsuite hostname="Revathis-MacBook-Air.local" failures="0" tests="10" name="com.demoqa.testcases.HomePageTest" time="397.899" errors="0" timestamp="2025-03-21T11:35:23 MST" skipped="0">
  <testcase classname="com.demoqa.testcases.HomePageTest" name="verifyHomePageTitleTest" time="37.666"/>
  <system-out/>
  <testcase classname="com.demoqa.testcases.HomePageTest" name="verifyHomePageTitleTest" time="33.024"/>
  <system-out/>
  <testcase classname="com.demoqa.testcases.HomePageTest" name="verifyHomePageLogoTest" time="34.855"/>
  <system-out/>
  <testcase classname="com.demoqa.testcases.HomePageTest" name="verifyHomePageLogoTest" time="36.572"/>
  <system-out/>
  <testcase classname="com.demoqa.testcases.HomePageTest" name="clickOnElementsTest" time="44.569"/>
  <system-out/>
  <testcase classname="com.demoqa.testcases.HomePageTest" name="clickOnFormsTest" time="34.051"/>
  <system-out/>
  <testcase classname="com.demoqa.testcases.HomePageTest" name="clickOnAlertsFramesWindowTest" time="44.912"/>
  <system-out/>
  <testcase classname="com.demoqa.testcases.HomePageTest" name="clickOnWidgetsTest" time="46.800"/>
  <system-out/>
  <testcase classname="com.demoqa.testcases.HomePageTest" name="clickOnInteractionsTest" time="44.183"/>
  <system-out/>
  <testcase classname="com.demoqa.testcases.HomePageTest" name="clickOnBookStoreApplicationTest" time="41.267"/>
  <system-out/>
</testsuite> <!-- com.demoqa.testcases.HomePageTest -->
