<?xml version="1.0" encoding="UTF-8"?>
<!-- Generated by org.testng.reporters.JUnitReportReporter -->
<testsuite hostname="Revathis-MacBook-Air.local" failures="0" tests="1" name="com.demoqa.testcases.CheckBoxTest" time="74.926" errors="0" timestamp="2025-03-18T15:30:18 MST" skipped="0">
  <testcase classname="com.demoqa.testcases.CheckBoxTest" name="validateCheckBoxPageTest" time="74.926"/>
  <system-out/>
</testsuite> <!-- com.demoqa.testcases.CheckBoxTest -->
