<?xml version="1.0" encoding="UTF-8"?>
<!-- Generated by org.testng.reporters.JUnitReportReporter -->
<testsuite hostname="Revathis-MacBook-Air.local" failures="0" tests="6" name="com.demoqa.testcases.TextBoxTest" time="392.392" errors="0" timestamp="2025-01-28T11:19:52 MST" skipped="0">
  <testcase classname="com.demoqa.testcases.TextBoxTest" name="validateTextBoxFieldsWithValidData" time="56.463"/>
  <system-out/>
  <testcase classname="com.demoqa.testcases.TextBoxTest" name="validateTextBoxFeatureTest" time="53.718"/>
  <system-out/>
  <testcase classname="com.demoqa.testcases.TextBoxTest" name="validateTextBoxPageTest" time="53.860"/>
  <system-out/>
  <testcase classname="com.demoqa.testcases.TextBoxTest" name="validatingOutputTextField" time="59.946"/>
  <system-out/>
  <testcase classname="com.demoqa.testcases.TextBoxTest" name="validateTextBoxFieldsWithInvalidData" time="107.555"/>
  <system-out/>
  <testcase classname="com.demoqa.testcases.TextBoxTest" name="validateTextBoxFieldsWithValidData" time="60.850"/>
  <system-out/>
</testsuite> <!-- com.demoqa.testcases.TextBoxTest -->
