<?xml version="1.0" encoding="UTF-8"?>
<!-- Generated by org.testng.reporters.JUnitReportReporter -->
<testsuite hostname="Revathis-MacBook-Air.local" failures="0" tests="2" name="com.demoq.testcases.JoinNowPageTest" time="77.614" errors="0" timestamp="2024-10-09T15:01:41 MST" skipped="0">
  <testcase classname="com.demoq.testcases.JoinNowPageTest" name="verifyJoinNowPageTitleTest" time="39.403"/>
  <system-out/>
  <testcase classname="com.demoq.testcases.JoinNowPageTest" name="verifyJoinNowPageLogoTest" time="38.211"/>
  <system-out/>
</testsuite> <!-- com.demoq.testcases.JoinNowPageTest -->
