<?xml version="1.0" encoding="UTF-8"?>
<!-- Generated by org.testng.reporters.JUnitReportReporter -->
<testsuite hostname="Revathis-MacBook-Air.local" failures="0" tests="1" name="com.demoqa.testcases.TextBoxTest" time="80.423" errors="0" timestamp="2025-03-21T11:35:23 MST" skipped="0">
  <testcase classname="com.demoqa.testcases.TextBoxTest" name="validatingOutputTextField" time="80.423"/>
  <system-out/>
</testsuite> <!-- com.demoqa.testcases.TextBoxTest -->
