<?xml version="1.0" encoding="UTF-8"?>
<!-- Generated by org.testng.reporters.JUnitReportReporter -->
<testsuite hostname="Revathis-MacBook-Air.local" failures="0" tests="2" name="com.opencart.testcases.JoinNowPageTest" time="92.629" errors="0" timestamp="2024-09-18T11:26:33 MST" skipped="0">
  <testcase classname="com.opencart.testcases.JoinNowPageTest" name="toolsQALogoTest" time="48.182"/>
  <system-out/>
  <testcase classname="com.opencart.testcases.JoinNowPageTest" name="joinNowPageTitleTest" time="44.447"/>
  <system-out/>
</testsuite> <!-- com.opencart.testcases.JoinNowPageTest -->
