<?xml version="1.0" encoding="UTF-8"?>
<!-- Generated by org.testng.reporters.JUnitReportReporter -->
<testsuite hostname="Revathis-MacBook-Air.local" failures="0" tests="1" name="com.demoqa.testcases.JoinNowPageTest" time="50.523" errors="0" timestamp="2025-02-09T12:50:25 MST" skipped="0">
  <testcase classname="com.demoqa.testcases.JoinNowPageTest" name="verifyJoinNowPageTitleTest" time="50.523"/>
  <system-out/>
</testsuite> <!-- com.demoqa.testcases.JoinNowPageTest -->
