<?xml version="1.0" encoding="UTF-8"?>
<!-- Generated by org.testng.reporters.JUnitReportReporter -->
<testsuite hostname="Revathis-MacBook-Air.local" failures="0" tests="8" name="com.opencart.testcases.HomePageTest" time="283.594" errors="0" timestamp="2024-09-22T14:06:36 MST" skipped="0">
  <testcase classname="com.opencart.testcases.HomePageTest" name="clickOnElementsTest" time="34.357"/>
  <system-out/>
  <testcase classname="com.opencart.testcases.HomePageTest" name="clickOnInteractionsTest" time="34.986"/>
  <system-out/>
  <testcase classname="com.opencart.testcases.HomePageTest" name="clickOnFormsTest" time="38.097"/>
  <system-out/>
  <testcase classname="com.opencart.testcases.HomePageTest" name="clickOnBookStoreApplicationTest" time="37.622"/>
  <system-out/>
  <testcase classname="com.opencart.testcases.HomePageTest" name="clickOnAlertsFramesWindowTest" time="37.276"/>
  <system-out/>
  <testcase classname="com.opencart.testcases.HomePageTest" name="clickOnWidgetsTest" time="40.203"/>
  <system-out/>
  <testcase classname="com.opencart.testcases.HomePageTest" name="verifyHomePageTitleTest" time="29.698"/>
  <system-out/>
  <testcase classname="com.opencart.testcases.HomePageTest" name="verifyHomePageLogoTest" time="31.355"/>
  <system-out/>
</testsuite> <!-- com.opencart.testcases.HomePageTest -->
