<?xml version="1.0" encoding="UTF-8"?>
<!-- Generated by org.testng.reporters.JUnitReportReporter -->
<testsuite hostname="Revathis-MacBook-Air.local" failures="0" tests="1" name="com.demoqa.testcases.CheckBoxTest" time="70.570" errors="0" timestamp="2025-02-07T19:23:55 MST" skipped="0">
  <testcase classname="com.demoqa.testcases.CheckBoxTest" name="validateHomeCheckboxTest" time="70.570"/>
  <system-out/>
</testsuite> <!-- com.demoqa.testcases.CheckBoxTest -->
