<?xml version="1.0" encoding="UTF-8"?>
<!-- Generated by org.testng.reporters.JUnitReportReporter -->
<testsuite hostname="Revathis-MacBook-Air.local" failures="0" tests="1" name="com.demoqa.testcases.JoinNowPageTest" time="69.438" errors="0" timestamp="2025-01-28T11:53:19 MST" skipped="0">
  <testcase classname="com.demoqa.testcases.JoinNowPageTest" name="verifyJoinNowPageLogoTest" time="69.438"/>
  <system-out/>
</testsuite> <!-- com.demoqa.testcases.JoinNowPageTest -->
