<?xml version="1.0" encoding="UTF-8"?>
<!-- Generated by org.testng.reporters.JUnitReportReporter -->
<testsuite hostname="Revathis-MacBook-Air.local" failures="0" tests="1" name="com.demoqa.testcases.ElementsPageTest" time="51.494" errors="0" timestamp="2024-10-17T19:25:17 MST" skipped="0">
  <testcase classname="com.demoqa.testcases.ElementsPageTest" name="verifyElementPageTest" time="51.494"/>
  <system-out/>
</testsuite> <!-- com.demoqa.testcases.ElementsPageTest -->
