<?xml version="1.0" encoding="UTF-8"?>
<!-- Generated by org.testng.reporters.JUnitReportReporter -->
<testsuite hostname="Revathis-MacBook-Air.local" failures="0" tests="2" name="com.demoqa.testcases.HomePageTest" time="68.834" errors="0" timestamp="2025-01-27T15:05:58 MST" skipped="0">
  <testcase classname="com.demoqa.testcases.HomePageTest" name="verifyHomePageTitleTest" time="33.452"/>
  <system-out/>
  <testcase classname="com.demoqa.testcases.HomePageTest" name="verifyHomePageLogoTest" time="35.382"/>
  <system-out/>
</testsuite> <!-- com.demoqa.testcases.HomePageTest -->
