<?xml version="1.0" encoding="UTF-8"?>
<!-- Generated by org.testng.reporters.JUnitReportReporter -->
<testsuite hostname="Revathis-MacBook-Air.local" failures="0" tests="4" name="com.demoqa.testcases.JoinNowPageTest" time="293.264" errors="0" timestamp="2025-03-21T11:35:23 MST" skipped="0">
  <testcase classname="com.demoqa.testcases.JoinNowPageTest" name="verifyJoinNowPageTitleTest" time="66.839"/>
  <system-out/>
  <testcase classname="com.demoqa.testcases.JoinNowPageTest" name="verifyJoinNowPageTitleTest" time="102.960"/>
  <system-out/>
  <testcase classname="com.demoqa.testcases.JoinNowPageTest" name="verifyJoinNowPageLogoTest" time="61.381"/>
  <system-out/>
  <testcase classname="com.demoqa.testcases.JoinNowPageTest" name="verifyJoinNowPageLogoTest" time="62.084"/>
  <system-out/>
</testsuite> <!-- com.demoqa.testcases.JoinNowPageTest -->
