<?xml version="1.0" encoding="UTF-8"?>
<!-- Generated by org.testng.reporters.JUnitReportReporter -->
<testsuite hostname="Revathis-MacBook-Air.local" failures="0" tests="10" name="com.demoq.testcases.ElementsPageTest" time="405.195" errors="0" timestamp="2024-10-09T15:01:41 MST" skipped="0">
  <testcase classname="com.demoq.testcases.ElementsPageTest" name="clickOnButtonsTest" time="36.934"/>
  <system-out/>
  <testcase classname="com.demoq.testcases.ElementsPageTest" name="clickOnTextBoxTest" time="40.552"/>
  <system-out/>
  <testcase classname="com.demoq.testcases.ElementsPageTest" name="clickOnDynamicPropertiesTest" time="55.619"/>
  <system-out/>
  <testcase classname="com.demoq.testcases.ElementsPageTest" name="clickOnCheckBoxTest" time="31.843"/>
  <system-out/>
  <testcase classname="com.demoq.testcases.ElementsPageTest" name="clickOnRadioButtonTest" time="36.440"/>
  <system-out/>
  <testcase classname="com.demoq.testcases.ElementsPageTest" name="clickOnUploadAndDownloadTest" time="34.298"/>
  <system-out/>
  <testcase classname="com.demoq.testcases.ElementsPageTest" name="verifyElementPageTest" time="33.246"/>
  <system-out/>
  <testcase classname="com.demoq.testcases.ElementsPageTest" name="clickOnWebTablesTest" time="42.557"/>
  <system-out/>
  <testcase classname="com.demoq.testcases.ElementsPageTest" name="clickOnBrokenLinksAndImagesTest" time="57.579"/>
  <system-out/>
  <testcase classname="com.demoq.testcases.ElementsPageTest" name="clickOnLinksTest" time="36.127"/>
  <system-out/>
</testsuite> <!-- com.demoq.testcases.ElementsPageTest -->
