<?xml version="1.0" encoding="UTF-8"?>
<!-- Generated by org.testng.reporters.JUnitReportReporter -->
<testsuite hostname="Revathis-MacBook-Air.local" failures="0" tests="8" name="com.demoqa.testcases.HomePageTest" time="66.640" errors="0" timestamp="2025-01-28T12:59:29 MST" skipped="0">
  <testcase classname="com.demoqa.testcases.HomePageTest" name="verifyHomePageTitleTest" time="7.320"/>
  <system-out/>
  <testcase classname="com.demoqa.testcases.HomePageTest" name="verifyHomePageLogoTest" time="8.359"/>
  <system-out/>
  <testcase classname="com.demoqa.testcases.HomePageTest" name="clickOnElementsTest" time="7.066"/>
  <system-out/>
  <testcase classname="com.demoqa.testcases.HomePageTest" name="clickOnFormsTest" time="7.113"/>
  <system-out/>
  <testcase classname="com.demoqa.testcases.HomePageTest" name="clickOnAlertsFramesWindowTest" time="6.134"/>
  <system-out/>
  <testcase classname="com.demoqa.testcases.HomePageTest" name="clickOnWidgetsTest" time="11.123"/>
  <system-out/>
  <testcase classname="com.demoqa.testcases.HomePageTest" name="clickOnInteractionsTest" time="9.761"/>
  <system-out/>
  <testcase classname="com.demoqa.testcases.HomePageTest" name="clickOnBookStoreApplicationTest" time="9.764"/>
  <system-out/>
</testsuite> <!-- com.demoqa.testcases.HomePageTest -->
