<?xml version="1.0" encoding="UTF-8"?>
<!-- Generated by org.testng.reporters.JUnitReportReporter -->
<testsuite hostname="Revathis-MacBook-Air.local" failures="0" tests="10" name="com.demoqa.testcases.ElementsPageTest" time="85.806" errors="0" timestamp="2025-01-28T12:59:29 MST" skipped="0">
  <testcase classname="com.demoqa.testcases.ElementsPageTest" name="clickOnLinksTest" time="7.183"/>
  <system-out/>
  <testcase classname="com.demoqa.testcases.ElementsPageTest" name="clickOnButtonsTest" time="6.053"/>
  <system-out/>
  <testcase classname="com.demoqa.testcases.ElementsPageTest" name="clickOnUploadAndDownloadTest" time="6.032"/>
  <system-out/>
  <testcase classname="com.demoqa.testcases.ElementsPageTest" name="clickOnRadioButtonTest" time="7.018"/>
  <system-out/>
  <testcase classname="com.demoqa.testcases.ElementsPageTest" name="clickOnBrokenLinksAndImagesTest" time="7.487"/>
  <system-out/>
  <testcase classname="com.demoqa.testcases.ElementsPageTest" name="clickOnTextBoxTest" time="6.652"/>
  <system-out/>
  <testcase classname="com.demoqa.testcases.ElementsPageTest" name="clickOnDynamicPropertiesTest" time="7.578"/>
  <system-out/>
  <testcase classname="com.demoqa.testcases.ElementsPageTest" name="clickOnWebTablesTest" time="8.285"/>
  <system-out/>
  <testcase classname="com.demoqa.testcases.ElementsPageTest" name="clickOnCheckBoxTest" time="9.933"/>
  <system-out/>
  <testcase classname="com.demoqa.testcases.ElementsPageTest" name="verifyElementPageTest" time="19.585"/>
  <system-out/>
</testsuite> <!-- com.demoqa.testcases.ElementsPageTest -->
